<?xml version="1.0" encoding="UTF-8"?>
<!-- Generated by org.testng.reporters.JUnitReportReporter -->
<testsuite name="com.testScripts.CalculatorTest" tests="1" time="13.702" ignored="0" failures="0" timestamp="26 Jan 2017 14:14:42 GMT" skipped="0" hostname="lokesh-PC" errors="0">
  <testcase name="main" time="13.702" classname="com.testScripts.CalculatorTest"/>
</testsuite> <!-- com.testScripts.CalculatorTest -->
